2018-09-18 23:45:44 INFO  LoginTest:16 - Startig Test Case : doLogin
2018-09-18 23:45:44 INFO  PayLoadConverter:13 - Inside PayLoadConverter function
2018-09-18 23:45:44 INFO  LoginTest:18 - { 
	"username": "admin", 
	"password": "admin" 
	
}
2018-09-18 23:45:44 INFO  URL:14 - URI End point : http://localhost:8087/rest/auth/1/session
2018-09-18 23:45:44 INFO  RESTCalls:23 - Inside POSTRequest call
2018-09-18 23:45:46 DEBUG BasicClientConnectionManager:161 - Get connection for route {}->http://localhost:8087
2018-09-18 23:45:46 DEBUG DefaultClientConnectionOperator:177 - Connecting to localhost:8087
2018-09-18 23:45:46 DEBUG RequestAddCookies:123 - CookieSpec selected: ignoreCookies
2018-09-18 23:45:46 DEBUG RequestAuthCache:77 - Auth cache not set in the context
2018-09-18 23:45:46 DEBUG RequestTargetAuthentication:80 - Target auth state: UNCHALLENGED
2018-09-18 23:45:46 DEBUG RequestProxyAuthentication:89 - Proxy auth state: UNCHALLENGED
2018-09-18 23:45:46 DEBUG DefaultHttpClient:682 - Attempt 1 to execute request
2018-09-18 23:45:46 DEBUG DefaultClientConnection:274 - Sending request: POST /rest/auth/1/session HTTP/1.1
2018-09-18 23:45:46 DEBUG wire:73 -  >> "POST /rest/auth/1/session HTTP/1.1[\r][\n]"
2018-09-18 23:45:46 DEBUG wire:73 -  >> "Accept: */*[\r][\n]"
2018-09-18 23:45:46 DEBUG wire:73 -  >> "Content-Type: application/json; charset=UTF-8[\r][\n]"
2018-09-18 23:45:46 DEBUG wire:73 -  >> "Content-Length: 55[\r][\n]"
2018-09-18 23:45:46 DEBUG wire:73 -  >> "Host: localhost:8087[\r][\n]"
2018-09-18 23:45:46 DEBUG wire:73 -  >> "Connection: Keep-Alive[\r][\n]"
2018-09-18 23:45:46 DEBUG wire:73 -  >> "User-Agent: Apache-HttpClient/4.5.3 (Java/1.8.0_181)[\r][\n]"
2018-09-18 23:45:46 DEBUG wire:73 -  >> "Accept-Encoding: gzip,deflate[\r][\n]"
2018-09-18 23:45:46 DEBUG wire:73 -  >> "[\r][\n]"
2018-09-18 23:45:46 DEBUG headers:278 - >> POST /rest/auth/1/session HTTP/1.1
2018-09-18 23:45:46 DEBUG headers:281 - >> Accept: */*
2018-09-18 23:45:46 DEBUG headers:281 - >> Content-Type: application/json; charset=UTF-8
2018-09-18 23:45:46 DEBUG headers:281 - >> Content-Length: 55
2018-09-18 23:45:46 DEBUG headers:281 - >> Host: localhost:8087
2018-09-18 23:45:46 DEBUG headers:281 - >> Connection: Keep-Alive
2018-09-18 23:45:46 DEBUG headers:281 - >> User-Agent: Apache-HttpClient/4.5.3 (Java/1.8.0_181)
2018-09-18 23:45:46 DEBUG headers:281 - >> Accept-Encoding: gzip,deflate
2018-09-18 23:45:46 DEBUG wire:73 -  >> "{ [\r][\n]"
2018-09-18 23:45:46 DEBUG wire:73 -  >> "[0x9]"username": "admin", [\r][\n]"
2018-09-18 23:45:46 DEBUG wire:73 -  >> "[0x9]"password": "admin" [\r][\n]"
2018-09-18 23:45:46 DEBUG wire:73 -  >> "[0x9][\r][\n]"
2018-09-18 23:45:46 DEBUG wire:87 -  >> "}"
2018-09-18 23:45:46 DEBUG wire:73 -  << "HTTP/1.1 200 [\r][\n]"
2018-09-18 23:45:46 DEBUG wire:73 -  << "X-AREQUESTID: 1425x255x1[\r][\n]"
2018-09-18 23:45:46 DEBUG wire:73 -  << "X-XSS-Protection: 1; mode=block[\r][\n]"
2018-09-18 23:45:46 DEBUG wire:73 -  << "X-Content-Type-Options: nosniff[\r][\n]"
2018-09-18 23:45:46 DEBUG wire:73 -  << "X-Frame-Options: SAMEORIGIN[\r][\n]"
2018-09-18 23:45:46 DEBUG wire:73 -  << "Content-Security-Policy: frame-ancestors 'self'[\r][\n]"
2018-09-18 23:45:46 DEBUG wire:73 -  << "X-ASEN: SEN-L12328368[\r][\n]"
2018-09-18 23:45:46 DEBUG wire:73 -  << "Set-Cookie: atlassian.xsrf.token=BRSF-6S3N-PV4T-RCKO_0ca582ed898dc18193dd7c243ebebb58ae21d5a2_lout; Path=/[\r][\n]"
2018-09-18 23:45:46 DEBUG wire:73 -  << "X-AUSERNAME: anonymous[\r][\n]"
2018-09-18 23:45:46 DEBUG wire:73 -  << "Set-Cookie: JSESSIONID=5156D16C27DFB9374DB10FAC4550BE00; Path=/; HttpOnly[\r][\n]"
2018-09-18 23:45:46 DEBUG wire:73 -  << "X-Seraph-LoginReason: OK[\r][\n]"
2018-09-18 23:45:46 DEBUG wire:73 -  << "Cache-Control: no-cache, no-store, no-transform[\r][\n]"
2018-09-18 23:45:46 DEBUG wire:73 -  << "Content-Encoding: gzip[\r][\n]"
2018-09-18 23:45:46 DEBUG wire:73 -  << "Vary: User-Agent[\r][\n]"
2018-09-18 23:45:46 DEBUG wire:73 -  << "Content-Type: application/json;charset=UTF-8[\r][\n]"
2018-09-18 23:45:46 DEBUG wire:73 -  << "Transfer-Encoding: chunked[\r][\n]"
2018-09-18 23:45:46 DEBUG wire:73 -  << "Date: Wed, 19 Sep 2018 03:45:46 GMT[\r][\n]"
2018-09-18 23:45:46 DEBUG wire:73 -  << "[\r][\n]"
2018-09-18 23:45:46 DEBUG DefaultClientConnection:259 - Receiving response: HTTP/1.1 200 
2018-09-18 23:45:46 DEBUG headers:262 - << HTTP/1.1 200 
2018-09-18 23:45:46 DEBUG headers:265 - << X-AREQUESTID: 1425x255x1
2018-09-18 23:45:46 DEBUG headers:265 - << X-XSS-Protection: 1; mode=block
2018-09-18 23:45:46 DEBUG headers:265 - << X-Content-Type-Options: nosniff
2018-09-18 23:45:46 DEBUG headers:265 - << X-Frame-Options: SAMEORIGIN
2018-09-18 23:45:46 DEBUG headers:265 - << Content-Security-Policy: frame-ancestors 'self'
2018-09-18 23:45:46 DEBUG headers:265 - << X-ASEN: SEN-L12328368
2018-09-18 23:45:46 DEBUG headers:265 - << Set-Cookie: atlassian.xsrf.token=BRSF-6S3N-PV4T-RCKO_0ca582ed898dc18193dd7c243ebebb58ae21d5a2_lout; Path=/
2018-09-18 23:45:46 DEBUG headers:265 - << X-AUSERNAME: anonymous
2018-09-18 23:45:46 DEBUG headers:265 - << Set-Cookie: JSESSIONID=5156D16C27DFB9374DB10FAC4550BE00; Path=/; HttpOnly
2018-09-18 23:45:46 DEBUG headers:265 - << X-Seraph-LoginReason: OK
2018-09-18 23:45:46 DEBUG headers:265 - << Cache-Control: no-cache, no-store, no-transform
2018-09-18 23:45:46 DEBUG headers:265 - << Content-Encoding: gzip
2018-09-18 23:45:46 DEBUG headers:265 - << Vary: User-Agent
2018-09-18 23:45:46 DEBUG headers:265 - << Content-Type: application/json;charset=UTF-8
2018-09-18 23:45:46 DEBUG headers:265 - << Transfer-Encoding: chunked
2018-09-18 23:45:46 DEBUG headers:265 - << Date: Wed, 19 Sep 2018 03:45:46 GMT
2018-09-18 23:45:46 DEBUG DefaultHttpClient:509 - Connection can be kept alive indefinitely
2018-09-18 23:45:46 DEBUG RequestSpecificationImpl$RestAssuredHttpBuilder:544 - Parsing response as: application/json;charset=UTF-8
2018-09-18 23:45:46 DEBUG wire:73 -  << "b6[\r][\n]"
2018-09-18 23:45:46 DEBUG wire:87 -  << "[0x1f][0x8b][0x8][0x0][0x0][0x0][0x0][0x0][0x0][0x0]l[0x8e]M[0xe][0x82]0[0x14][0x84][0xef][0xf2][0xd6]@[0xfa]J[lw[0xf2][0x97]`[0x8c].[0xe0][0x2]M[0x4][0xd3][0x4][c[0x81][\r][0xe1][0xee][0x82][0x92][0xb8]q9[0x93][0xf9]ff[0x6][0xdf]zo[0x9c][0x5]5[0x83][0xd5][0x8f][0x16][0x14][0x9c][0xea][0xa2][0xae][0xab][0xeb][0xa5][0xca]![0x80]I[0xf7][0xe3]fr[0xe4]"G[0x91][0xd1]$/S[0x19]',O[0x91][0x94][0xc7][0x8c]qN[0xd2][0x82][0x10]X[0x2][0xe8][0xdd][0xdd][0xd8][0xca]vn+[0xeb][0xb4][0xe9][0xdb][0xdb]y[0xb3]27[0xda][0x1][0x14][0xee][0x89]]2[0xb1]j[0xed][0x87][0xf2][0x17]l[0xcc][0xe7][0x0]%x[0x8][0x89][0xc]Q44VT*[0xc4][0x88]P[0x19][0x12][0xb6][0xee][0x4][0xf0]|[0xb5][0x93]q[0xa3][0xff][0x8b][0x1c][0x1a]J[0x15][0xc3][0x95][0x8a][0xe2][0x98]~[0x91]ey[0x3][0x0][0x0][0xff][0xff]"
2018-09-18 23:45:46 DEBUG wire:73 -  << "[\r][\n]"
2018-09-18 23:45:46 DEBUG wire:73 -  << "a[\r][\n]"
2018-09-18 23:45:46 DEBUG wire:87 -  << "[0x3][0x0]?'[0xd0][0x97][0xe7][0x0][0x0][0x0]"
2018-09-18 23:45:46 DEBUG wire:73 -  << "[\r][\n]"
2018-09-18 23:45:46 DEBUG wire:73 -  << "0[\r][\n]"
2018-09-18 23:45:46 DEBUG wire:73 -  << "[\r][\n]"
2018-09-18 23:45:46 DEBUG RequestSpecificationImpl$RestAssuredHttpBuilder:547 - Parsed data to instance of: class org.apache.http.conn.EofSensorInputStream
2018-09-18 23:45:46 DEBUG RESTCalls:27 - io.restassured.internal.RequestSpecificationImpl@2b0f373b
2018-09-18 23:45:46 DEBUG BasicClientConnectionManager:200 - Releasing connection org.apache.http.impl.conn.ManagedClientConnectionImpl@616fe72b
2018-09-18 23:45:46 DEBUG BasicClientConnectionManager:225 - Connection can be kept alive indefinitely
2018-09-18 23:45:46 INFO  LoginTest:27 - Jira JSession ID : 5156D16C27DFB9374DB10FAC4550BE00
