2018-09-18 23:45:44 INFO  LoginTest:16 - Startig Test Case : doLogin
2018-09-18 23:45:44 INFO  PayLoadConverter:13 - Inside PayLoadConverter function
2018-09-18 23:45:44 INFO  LoginTest:18 - { 
	"username": "admin", 
	"password": "admin" 
	
}
2018-09-18 23:45:44 INFO  URL:14 - URI End point : http://localhost:8087/rest/auth/1/session
2018-09-18 23:45:44 INFO  RESTCalls:23 - Inside POSTRequest call
2018-09-18 23:45:46 DEBUG BasicClientConnectionManager:161 - Get connection for route {}->http://localhost:8087
2018-09-18 23:45:46 DEBUG DefaultClientConnectionOperator:177 - Connecting to localhost:8087
2018-09-18 23:45:46 DEBUG RequestAddCookies:123 - CookieSpec selected: ignoreCookies
2018-09-18 23:45:46 DEBUG RequestAuthCache:77 - Auth cache not set in the context
2018-09-18 23:45:46 DEBUG RequestTargetAuthentication:80 - Target auth state: UNCHALLENGED
2018-09-18 23:45:46 DEBUG RequestProxyAuthentication:89 - Proxy auth state: UNCHALLENGED
2018-09-18 23:45:46 DEBUG DefaultHttpClient:682 - Attempt 1 to execute request
2018-09-18 23:45:46 DEBUG DefaultClientConnection:274 - Sending request: POST /rest/auth/1/session HTTP/1.1
2018-09-18 23:45:46 DEBUG wire:73 -  >> "POST /rest/auth/1/session HTTP/1.1[\r][\n]"
2018-09-18 23:45:46 DEBUG wire:73 -  >> "Accept: */*[\r][\n]"
2018-09-18 23:45:46 DEBUG wire:73 -  >> "Content-Type: application/json; charset=UTF-8[\r][\n]"
2018-09-18 23:45:46 DEBUG wire:73 -  >> "Content-Length: 55[\r][\n]"
2018-09-18 23:45:46 DEBUG wire:73 -  >> "Host: localhost:8087[\r][\n]"
2018-09-18 23:45:46 DEBUG wire:73 -  >> "Connection: Keep-Alive[\r][\n]"
2018-09-18 23:45:46 DEBUG wire:73 -  >> "User-Agent: Apache-HttpClient/4.5.3 (Java/1.8.0_181)[\r][\n]"
2018-09-18 23:45:46 DEBUG wire:73 -  >> "Accept-Encoding: gzip,deflate[\r][\n]"
2018-09-18 23:45:46 DEBUG wire:73 -  >> "[\r][\n]"
2018-09-18 23:45:46 DEBUG headers:278 - >> POST /rest/auth/1/session HTTP/1.1
2018-09-18 23:45:46 DEBUG headers:281 - >> Accept: */*
2018-09-18 23:45:46 DEBUG headers:281 - >> Content-Type: application/json; charset=UTF-8
2018-09-18 23:45:46 DEBUG headers:281 - >> Content-Length: 55
2018-09-18 23:45:46 DEBUG headers:281 - >> Host: localhost:8087
2018-09-18 23:45:46 DEBUG headers:281 - >> Connection: Keep-Alive
2018-09-18 23:45:46 DEBUG headers:281 - >> User-Agent: Apache-HttpClient/4.5.3 (Java/1.8.0_181)
2018-09-18 23:45:46 DEBUG headers:281 - >> Accept-Encoding: gzip,deflate
2018-09-18 23:45:46 DEBUG wire:73 -  >> "{ [\r][\n]"
2018-09-18 23:45:46 DEBUG wire:73 -  >> "[0x9]"username": "admin", [\r][\n]"
2018-09-18 23:45:46 DEBUG wire:73 -  >> "[0x9]"password": "admin" [\r][\n]"
2018-09-18 23:45:46 DEBUG wire:73 -  >> "[0x9][\r][\n]"
2018-09-18 23:45:46 DEBUG wire:87 -  >> "}"
2018-09-18 23:45:46 DEBUG wire:73 -  << "HTTP/1.1 200 [\r][\n]"
2018-09-18 23:45:46 DEBUG wire:73 -  << "X-AREQUESTID: 1425x255x1[\r][\n]"
2018-09-18 23:45:46 DEBUG wire:73 -  << "X-XSS-Protection: 1; mode=block[\r][\n]"
2018-09-18 23:45:46 DEBUG wire:73 -  << "X-Content-Type-Options: nosniff[\r][\n]"
2018-09-18 23:45:46 DEBUG wire:73 -  << "X-Frame-Options: SAMEORIGIN[\r][\n]"
2018-09-18 23:45:46 DEBUG wire:73 -  << "Content-Security-Policy: frame-ancestors 'self'[\r][\n]"
2018-09-18 23:45:46 DEBUG wire:73 -  << "X-ASEN: SEN-L12328368[\r][\n]"
2018-09-18 23:45:46 DEBUG wire:73 -  << "Set-Cookie: atlassian.xsrf.token=BRSF-6S3N-PV4T-RCKO_0ca582ed898dc18193dd7c243ebebb58ae21d5a2_lout; Path=/[\r][\n]"
2018-09-18 23:45:46 DEBUG wire:73 -  << "X-AUSERNAME: anonymous[\r][\n]"
2018-09-18 23:45:46 DEBUG wire:73 -  << "Set-Cookie: JSESSIONID=5156D16C27DFB9374DB10FAC4550BE00; Path=/; HttpOnly[\r][\n]"
2018-09-18 23:45:46 DEBUG wire:73 -  << "X-Seraph-LoginReason: OK[\r][\n]"
2018-09-18 23:45:46 DEBUG wire:73 -  << "Cache-Control: no-cache, no-store, no-transform[\r][\n]"
2018-09-18 23:45:46 DEBUG wire:73 -  << "Content-Encoding: gzip[\r][\n]"
2018-09-18 23:45:46 DEBUG wire:73 -  << "Vary: User-Agent[\r][\n]"
2018-09-18 23:45:46 DEBUG wire:73 -  << "Content-Type: application/json;charset=UTF-8[\r][\n]"
2018-09-18 23:45:46 DEBUG wire:73 -  << "Transfer-Encoding: chunked[\r][\n]"
2018-09-18 23:45:46 DEBUG wire:73 -  << "Date: Wed, 19 Sep 2018 03:45:46 GMT[\r][\n]"
2018-09-18 23:45:46 DEBUG wire:73 -  << "[\r][\n]"
2018-09-18 23:45:46 DEBUG DefaultClientConnection:259 - Receiving response: HTTP/1.1 200 
2018-09-18 23:45:46 DEBUG headers:262 - << HTTP/1.1 200 
2018-09-18 23:45:46 DEBUG headers:265 - << X-AREQUESTID: 1425x255x1
2018-09-18 23:45:46 DEBUG headers:265 - << X-XSS-Protection: 1; mode=block
2018-09-18 23:45:46 DEBUG headers:265 - << X-Content-Type-Options: nosniff
2018-09-18 23:45:46 DEBUG headers:265 - << X-Frame-Options: SAMEORIGIN
2018-09-18 23:45:46 DEBUG headers:265 - << Content-Security-Policy: frame-ancestors 'self'
2018-09-18 23:45:46 DEBUG headers:265 - << X-ASEN: SEN-L12328368
2018-09-18 23:45:46 DEBUG headers:265 - << Set-Cookie: atlassian.xsrf.token=BRSF-6S3N-PV4T-RCKO_0ca582ed898dc18193dd7c243ebebb58ae21d5a2_lout; Path=/
2018-09-18 23:45:46 DEBUG headers:265 - << X-AUSERNAME: anonymous
2018-09-18 23:45:46 DEBUG headers:265 - << Set-Cookie: JSESSIONID=5156D16C27DFB9374DB10FAC4550BE00; Path=/; HttpOnly
2018-09-18 23:45:46 DEBUG headers:265 - << X-Seraph-LoginReason: OK
2018-09-18 23:45:46 DEBUG headers:265 - << Cache-Control: no-cache, no-store, no-transform
2018-09-18 23:45:46 DEBUG headers:265 - << Content-Encoding: gzip
2018-09-18 23:45:46 DEBUG headers:265 - << Vary: User-Agent
2018-09-18 23:45:46 DEBUG headers:265 - << Content-Type: application/json;charset=UTF-8
2018-09-18 23:45:46 DEBUG headers:265 - << Transfer-Encoding: chunked
2018-09-18 23:45:46 DEBUG headers:265 - << Date: Wed, 19 Sep 2018 03:45:46 GMT
2018-09-18 23:45:46 DEBUG DefaultHttpClient:509 - Connection can be kept alive indefinitely
2018-09-18 23:45:46 DEBUG RequestSpecificationImpl$RestAssuredHttpBuilder:544 - Parsing response as: application/json;charset=UTF-8
2018-09-18 23:45:46 DEBUG wire:73 -  << "b6[\r][\n]"
2018-09-18 23:45:46 DEBUG wire:87 -  << "[0x1f][0x8b][0x8][0x0][0x0][0x0][0x0][0x0][0x0][0x0]l[0x8e]M[0xe][0x82]0[0x14][0x84][0xef][0xf2][0xd6]@[0xfa]J[lw[0xf2][0x97]`[0x8c].[0xe0][0x2]M[0x4][0xd3][0x4][c[0x81][\r][0xe1][0xee][0x82][0x92][0xb8]q9[0x93][0xf9]ff[0x6][0xdf]zo[0x9c][0x5]5[0x83][0xd5][0x8f][0x16][0x14][0x9c][0xea][0xa2][0xae][0xab][0xeb][0xa5][0xca]![0x80]I[0xf7][0xe3]fr[0xe4]"G[0x91][0xd1]$/S[0x19]',O[0x91][0x94][0xc7][0x8c]qN[0xd2][0x82][0x10]X[0x2][0xe8][0xdd][0xdd][0xd8][0xca]vn+[0xeb][0xb4][0xe9][0xdb][0xdb]y[0xb3]27[0xda][0x1][0x14][0xee][0x89]]2[0xb1]j[0xed][0x87][0xf2][0x17]l[0xcc][0xe7][0x0]%x[0x8][0x89][0xc]Q44VT*[0xc4][0x88]P[0x19][0x12][0xb6][0xee][0x4][0xf0]|[0xb5][0x93]q[0xa3][0xff][0x8b][0x1c][0x1a]J[0x15][0xc3][0x95][0x8a][0xe2][0x98]~[0x91]ey[0x3][0x0][0x0][0xff][0xff]"
2018-09-18 23:45:46 DEBUG wire:73 -  << "[\r][\n]"
2018-09-18 23:45:46 DEBUG wire:73 -  << "a[\r][\n]"
2018-09-18 23:45:46 DEBUG wire:87 -  << "[0x3][0x0]?'[0xd0][0x97][0xe7][0x0][0x0][0x0]"
2018-09-18 23:45:46 DEBUG wire:73 -  << "[\r][\n]"
2018-09-18 23:45:46 DEBUG wire:73 -  << "0[\r][\n]"
2018-09-18 23:45:46 DEBUG wire:73 -  << "[\r][\n]"
2018-09-18 23:45:46 DEBUG RequestSpecificationImpl$RestAssuredHttpBuilder:547 - Parsed data to instance of: class org.apache.http.conn.EofSensorInputStream
2018-09-18 23:45:46 DEBUG RESTCalls:27 - io.restassured.internal.RequestSpecificationImpl@2b0f373b
2018-09-18 23:45:46 DEBUG BasicClientConnectionManager:200 - Releasing connection org.apache.http.impl.conn.ManagedClientConnectionImpl@616fe72b
2018-09-18 23:45:46 DEBUG BasicClientConnectionManager:225 - Connection can be kept alive indefinitely
2018-09-18 23:45:46 INFO  LoginTest:27 - Jira JSession ID : 5156D16C27DFB9374DB10FAC4550BE00
2018-09-18 23:55:25 INFO  LoginTest:16 - Startig Test Case : doLogin
2018-09-18 23:55:25 INFO  PayLoadConverter:13 - Inside PayLoadConverter function
2018-09-18 23:55:25 INFO  LoginTest:18 - { 
	"username": "admin", 
	"password": "admin" 
	
}
2018-09-18 23:55:25 INFO  URL:14 - URI End point : http://localhost:8087/rest/auth/1/session
2018-09-18 23:55:25 INFO  RESTCalls:23 - Inside POSTRequest call
2018-09-18 23:55:26 DEBUG BasicClientConnectionManager:161 - Get connection for route {}->http://localhost:8087
2018-09-18 23:55:26 DEBUG DefaultClientConnectionOperator:177 - Connecting to localhost:8087
2018-09-18 23:55:26 DEBUG RequestAddCookies:123 - CookieSpec selected: ignoreCookies
2018-09-18 23:55:26 DEBUG RequestAuthCache:77 - Auth cache not set in the context
2018-09-18 23:55:26 DEBUG RequestTargetAuthentication:80 - Target auth state: UNCHALLENGED
2018-09-18 23:55:26 DEBUG RequestProxyAuthentication:89 - Proxy auth state: UNCHALLENGED
2018-09-18 23:55:26 DEBUG DefaultHttpClient:682 - Attempt 1 to execute request
2018-09-18 23:55:26 DEBUG DefaultClientConnection:274 - Sending request: POST /rest/auth/1/session HTTP/1.1
2018-09-18 23:55:26 DEBUG wire:73 -  >> "POST /rest/auth/1/session HTTP/1.1[\r][\n]"
2018-09-18 23:55:26 DEBUG wire:73 -  >> "Accept: */*[\r][\n]"
2018-09-18 23:55:26 DEBUG wire:73 -  >> "Content-Type: application/json; charset=UTF-8[\r][\n]"
2018-09-18 23:55:26 DEBUG wire:73 -  >> "Content-Length: 55[\r][\n]"
2018-09-18 23:55:26 DEBUG wire:73 -  >> "Host: localhost:8087[\r][\n]"
2018-09-18 23:55:26 DEBUG wire:73 -  >> "Connection: Keep-Alive[\r][\n]"
2018-09-18 23:55:26 DEBUG wire:73 -  >> "User-Agent: Apache-HttpClient/4.5.3 (Java/1.8.0_181)[\r][\n]"
2018-09-18 23:55:26 DEBUG wire:73 -  >> "Accept-Encoding: gzip,deflate[\r][\n]"
2018-09-18 23:55:26 DEBUG wire:73 -  >> "[\r][\n]"
2018-09-18 23:55:26 DEBUG headers:278 - >> POST /rest/auth/1/session HTTP/1.1
2018-09-18 23:55:26 DEBUG headers:281 - >> Accept: */*
2018-09-18 23:55:26 DEBUG headers:281 - >> Content-Type: application/json; charset=UTF-8
2018-09-18 23:55:26 DEBUG headers:281 - >> Content-Length: 55
2018-09-18 23:55:26 DEBUG headers:281 - >> Host: localhost:8087
2018-09-18 23:55:26 DEBUG headers:281 - >> Connection: Keep-Alive
2018-09-18 23:55:26 DEBUG headers:281 - >> User-Agent: Apache-HttpClient/4.5.3 (Java/1.8.0_181)
2018-09-18 23:55:26 DEBUG headers:281 - >> Accept-Encoding: gzip,deflate
2018-09-18 23:55:26 DEBUG wire:73 -  >> "{ [\r][\n]"
2018-09-18 23:55:26 DEBUG wire:73 -  >> "[0x9]"username": "admin", [\r][\n]"
2018-09-18 23:55:26 DEBUG wire:73 -  >> "[0x9]"password": "admin" [\r][\n]"
2018-09-18 23:55:26 DEBUG wire:73 -  >> "[0x9][\r][\n]"
2018-09-18 23:55:26 DEBUG wire:87 -  >> "}"
2018-09-18 23:55:26 DEBUG wire:73 -  << "HTTP/1.1 200 [\r][\n]"
2018-09-18 23:55:26 DEBUG wire:73 -  << "X-AREQUESTID: 1435x256x1[\r][\n]"
2018-09-18 23:55:26 DEBUG wire:73 -  << "X-XSS-Protection: 1; mode=block[\r][\n]"
2018-09-18 23:55:26 DEBUG wire:73 -  << "X-Content-Type-Options: nosniff[\r][\n]"
2018-09-18 23:55:26 DEBUG wire:73 -  << "X-Frame-Options: SAMEORIGIN[\r][\n]"
2018-09-18 23:55:26 DEBUG wire:73 -  << "Content-Security-Policy: frame-ancestors 'self'[\r][\n]"
2018-09-18 23:55:26 DEBUG wire:73 -  << "X-ASEN: SEN-L12328368[\r][\n]"
2018-09-18 23:55:26 DEBUG wire:73 -  << "Set-Cookie: atlassian.xsrf.token=BRSF-6S3N-PV4T-RCKO_e3e1e0681cb751315b9cea515b7a147991359c45_lout; Path=/[\r][\n]"
2018-09-18 23:55:26 DEBUG wire:73 -  << "X-AUSERNAME: anonymous[\r][\n]"
2018-09-18 23:55:26 DEBUG wire:73 -  << "Set-Cookie: JSESSIONID=218DC92ED205C1869F11056023214C2B; Path=/; HttpOnly[\r][\n]"
2018-09-18 23:55:26 DEBUG wire:73 -  << "X-Seraph-LoginReason: OK[\r][\n]"
2018-09-18 23:55:26 DEBUG wire:73 -  << "Cache-Control: no-cache, no-store, no-transform[\r][\n]"
2018-09-18 23:55:26 DEBUG wire:73 -  << "Content-Encoding: gzip[\r][\n]"
2018-09-18 23:55:26 DEBUG wire:73 -  << "Vary: User-Agent[\r][\n]"
2018-09-18 23:55:26 DEBUG wire:73 -  << "Content-Type: application/json;charset=UTF-8[\r][\n]"
2018-09-18 23:55:26 DEBUG wire:73 -  << "Transfer-Encoding: chunked[\r][\n]"
2018-09-18 23:55:26 DEBUG wire:73 -  << "Date: Wed, 19 Sep 2018 03:55:26 GMT[\r][\n]"
2018-09-18 23:55:26 DEBUG wire:73 -  << "[\r][\n]"
2018-09-18 23:55:26 DEBUG DefaultClientConnection:259 - Receiving response: HTTP/1.1 200 
2018-09-18 23:55:26 DEBUG headers:262 - << HTTP/1.1 200 
2018-09-18 23:55:26 DEBUG headers:265 - << X-AREQUESTID: 1435x256x1
2018-09-18 23:55:26 DEBUG headers:265 - << X-XSS-Protection: 1; mode=block
2018-09-18 23:55:26 DEBUG headers:265 - << X-Content-Type-Options: nosniff
2018-09-18 23:55:26 DEBUG headers:265 - << X-Frame-Options: SAMEORIGIN
2018-09-18 23:55:26 DEBUG headers:265 - << Content-Security-Policy: frame-ancestors 'self'
2018-09-18 23:55:26 DEBUG headers:265 - << X-ASEN: SEN-L12328368
2018-09-18 23:55:26 DEBUG headers:265 - << Set-Cookie: atlassian.xsrf.token=BRSF-6S3N-PV4T-RCKO_e3e1e0681cb751315b9cea515b7a147991359c45_lout; Path=/
2018-09-18 23:55:26 DEBUG headers:265 - << X-AUSERNAME: anonymous
2018-09-18 23:55:26 DEBUG headers:265 - << Set-Cookie: JSESSIONID=218DC92ED205C1869F11056023214C2B; Path=/; HttpOnly
2018-09-18 23:55:26 DEBUG headers:265 - << X-Seraph-LoginReason: OK
2018-09-18 23:55:26 DEBUG headers:265 - << Cache-Control: no-cache, no-store, no-transform
2018-09-18 23:55:26 DEBUG headers:265 - << Content-Encoding: gzip
2018-09-18 23:55:26 DEBUG headers:265 - << Vary: User-Agent
2018-09-18 23:55:26 DEBUG headers:265 - << Content-Type: application/json;charset=UTF-8
2018-09-18 23:55:26 DEBUG headers:265 - << Transfer-Encoding: chunked
2018-09-18 23:55:26 DEBUG headers:265 - << Date: Wed, 19 Sep 2018 03:55:26 GMT
2018-09-18 23:55:26 DEBUG DefaultHttpClient:509 - Connection can be kept alive indefinitely
2018-09-18 23:55:26 DEBUG RequestSpecificationImpl$RestAssuredHttpBuilder:544 - Parsing response as: application/json;charset=UTF-8
2018-09-18 23:55:26 DEBUG wire:73 -  << "b3[\r][\n]"
2018-09-18 23:55:26 DEBUG wire:73 -  << "[0x1f][0x8b][0x8][0x0][0x0][0x0][0x0][0x0][0x0][0x0]l[0x8e][0xc1][\n]"
2018-09-18 23:55:26 DEBUG wire:87 -  << "[0xc2]0[0x10]D[0xff]e[0xcf]Vv[0xd7]469[0xda]Z[0xa8][0x88][0x1e][0xea][0xf][0x4][0x8c][0x12][0xa8][0x89][0x18][0xdb][0x8b][0xf4][0xdf]m[0xb4][0xe0][0xc5][0xe3][0x1b][0xe6][\r][0xf3][0x82]hct[0xc1][0x83]~[0x81]77[0xb][0x1a]v[0xed][0xb6]m[0x9b][0xe3][0xa1][0xa9]`[0x1][0x83][0xe9][0xfa][0x14]2[0x15]U[0xa9]x[1[0xe6]%[0x15]R[0xd5]D[0x98]K[0xe4][0x15][0x93](y[0x3][0xe3][0x2][0xba]pu[0xbe][0xf1][0x97][0x90][0xc6].[0xc6]u[0xf6][0xbc]OQ[0x19]z[0xff][0x4]MscF[0xb1][0x9e][0xd8][0xc4]g[0xfd]+[0x9e][0xdc][0xe7][0x0]#[0x15][0x19][0xaa][0x8c][0xe4][0x89]W[0x9a][0x95]&Z"[0xab][0xc][0x5][0xe2]t[0xe9][0xfe][0xb0][0x83][0xb]}[0xfc][0xab][0x14]I[0x11][0xb9][0x16]r[0xc9]B~[0x95]q|[0x3][0x0][0x0][0xff][0xff]"
2018-09-18 23:55:26 DEBUG wire:73 -  << "[\r][\n]"
2018-09-18 23:55:26 DEBUG wire:73 -  << "a[\r][\n]"
2018-09-18 23:55:26 DEBUG wire:87 -  << "[0x3][0x0][0xd8][0xd7]ix[0xe7][0x0][0x0][0x0]"
2018-09-18 23:55:26 DEBUG wire:73 -  << "[\r][\n]"
2018-09-18 23:55:26 DEBUG wire:73 -  << "0[\r][\n]"
2018-09-18 23:55:26 DEBUG wire:73 -  << "[\r][\n]"
2018-09-18 23:55:26 DEBUG RequestSpecificationImpl$RestAssuredHttpBuilder:547 - Parsed data to instance of: class org.apache.http.conn.EofSensorInputStream
2018-09-18 23:55:26 DEBUG RESTCalls:27 - io.restassured.internal.RequestSpecificationImpl@2ceb80a1
2018-09-18 23:55:26 INFO  LoginTest:21 - io.restassured.internal.RestAssuredResponseImpl@4b45dcb8
2018-09-18 23:55:26 DEBUG BasicClientConnectionManager:200 - Releasing connection org.apache.http.impl.conn.ManagedClientConnectionImpl@7e7b159b
2018-09-18 23:55:26 DEBUG BasicClientConnectionManager:225 - Connection can be kept alive indefinitely
2018-09-18 23:55:27 INFO  LoginTest:28 - Jira JSession ID : 218DC92ED205C1869F11056023214C2B
2018-09-18 23:57:19 INFO  LoginTest:16 - Startig Test Case : doLogin
2018-09-18 23:57:19 INFO  PayLoadConverter:13 - Inside PayLoadConverter function
2018-09-18 23:57:19 INFO  LoginTest:18 - { 
	"username": "admin", 
	"password": "admin" 
	
}
2018-09-18 23:57:19 INFO  URL:14 - URI End point : http://localhost:8087/rest/auth/1/session
2018-09-18 23:57:19 INFO  RESTCalls:23 - Inside POSTRequest call
2018-09-18 23:57:21 DEBUG BasicClientConnectionManager:161 - Get connection for route {}->http://localhost:8087
2018-09-18 23:57:21 DEBUG DefaultClientConnectionOperator:177 - Connecting to localhost:8087
2018-09-18 23:57:21 DEBUG RequestAddCookies:123 - CookieSpec selected: ignoreCookies
2018-09-18 23:57:21 DEBUG RequestAuthCache:77 - Auth cache not set in the context
2018-09-18 23:57:21 DEBUG RequestTargetAuthentication:80 - Target auth state: UNCHALLENGED
2018-09-18 23:57:21 DEBUG RequestProxyAuthentication:89 - Proxy auth state: UNCHALLENGED
2018-09-18 23:57:21 DEBUG DefaultHttpClient:682 - Attempt 1 to execute request
2018-09-18 23:57:21 DEBUG DefaultClientConnection:274 - Sending request: POST /rest/auth/1/session HTTP/1.1
2018-09-18 23:57:21 DEBUG wire:73 -  >> "POST /rest/auth/1/session HTTP/1.1[\r][\n]"
2018-09-18 23:57:21 DEBUG wire:73 -  >> "Accept: */*[\r][\n]"
2018-09-18 23:57:21 DEBUG wire:73 -  >> "Content-Type: application/json; charset=UTF-8[\r][\n]"
2018-09-18 23:57:21 DEBUG wire:73 -  >> "Content-Length: 55[\r][\n]"
2018-09-18 23:57:21 DEBUG wire:73 -  >> "Host: localhost:8087[\r][\n]"
2018-09-18 23:57:21 DEBUG wire:73 -  >> "Connection: Keep-Alive[\r][\n]"
2018-09-18 23:57:21 DEBUG wire:73 -  >> "User-Agent: Apache-HttpClient/4.5.3 (Java/1.8.0_181)[\r][\n]"
2018-09-18 23:57:21 DEBUG wire:73 -  >> "Accept-Encoding: gzip,deflate[\r][\n]"
2018-09-18 23:57:21 DEBUG wire:73 -  >> "[\r][\n]"
2018-09-18 23:57:21 DEBUG headers:278 - >> POST /rest/auth/1/session HTTP/1.1
2018-09-18 23:57:21 DEBUG headers:281 - >> Accept: */*
2018-09-18 23:57:21 DEBUG headers:281 - >> Content-Type: application/json; charset=UTF-8
2018-09-18 23:57:21 DEBUG headers:281 - >> Content-Length: 55
2018-09-18 23:57:21 DEBUG headers:281 - >> Host: localhost:8087
2018-09-18 23:57:21 DEBUG headers:281 - >> Connection: Keep-Alive
2018-09-18 23:57:21 DEBUG headers:281 - >> User-Agent: Apache-HttpClient/4.5.3 (Java/1.8.0_181)
2018-09-18 23:57:21 DEBUG headers:281 - >> Accept-Encoding: gzip,deflate
2018-09-18 23:57:21 DEBUG wire:73 -  >> "{ [\r][\n]"
2018-09-18 23:57:21 DEBUG wire:73 -  >> "[0x9]"username": "admin", [\r][\n]"
2018-09-18 23:57:21 DEBUG wire:73 -  >> "[0x9]"password": "admin" [\r][\n]"
2018-09-18 23:57:21 DEBUG wire:73 -  >> "[0x9][\r][\n]"
2018-09-18 23:57:21 DEBUG wire:87 -  >> "}"
2018-09-18 23:57:21 DEBUG wire:73 -  << "HTTP/1.1 200 [\r][\n]"
2018-09-18 23:57:21 DEBUG wire:73 -  << "X-AREQUESTID: 1437x257x1[\r][\n]"
2018-09-18 23:57:21 DEBUG wire:73 -  << "X-XSS-Protection: 1; mode=block[\r][\n]"
2018-09-18 23:57:21 DEBUG wire:73 -  << "X-Content-Type-Options: nosniff[\r][\n]"
2018-09-18 23:57:21 DEBUG wire:73 -  << "X-Frame-Options: SAMEORIGIN[\r][\n]"
2018-09-18 23:57:21 DEBUG wire:73 -  << "Content-Security-Policy: frame-ancestors 'self'[\r][\n]"
2018-09-18 23:57:21 DEBUG wire:73 -  << "X-ASEN: SEN-L12328368[\r][\n]"
2018-09-18 23:57:21 DEBUG wire:73 -  << "Set-Cookie: atlassian.xsrf.token=BRSF-6S3N-PV4T-RCKO_031efe59c5ce2af614288b82f21f4d8708367aca_lout; Path=/[\r][\n]"
2018-09-18 23:57:21 DEBUG wire:73 -  << "X-AUSERNAME: anonymous[\r][\n]"
2018-09-18 23:57:21 DEBUG wire:73 -  << "Set-Cookie: JSESSIONID=4F3EBECE47E057753C78CF645BB12D76; Path=/; HttpOnly[\r][\n]"
2018-09-18 23:57:21 DEBUG wire:73 -  << "X-Seraph-LoginReason: OK[\r][\n]"
2018-09-18 23:57:21 DEBUG wire:73 -  << "Cache-Control: no-cache, no-store, no-transform[\r][\n]"
2018-09-18 23:57:21 DEBUG wire:73 -  << "Content-Encoding: gzip[\r][\n]"
2018-09-18 23:57:21 DEBUG wire:73 -  << "Vary: User-Agent[\r][\n]"
2018-09-18 23:57:21 DEBUG wire:73 -  << "Content-Type: application/json;charset=UTF-8[\r][\n]"
2018-09-18 23:57:21 DEBUG wire:73 -  << "Transfer-Encoding: chunked[\r][\n]"
2018-09-18 23:57:21 DEBUG wire:73 -  << "Date: Wed, 19 Sep 2018 03:57:21 GMT[\r][\n]"
2018-09-18 23:57:21 DEBUG wire:73 -  << "[\r][\n]"
2018-09-18 23:57:21 DEBUG DefaultClientConnection:259 - Receiving response: HTTP/1.1 200 
2018-09-18 23:57:21 DEBUG headers:262 - << HTTP/1.1 200 
2018-09-18 23:57:21 DEBUG headers:265 - << X-AREQUESTID: 1437x257x1
2018-09-18 23:57:21 DEBUG headers:265 - << X-XSS-Protection: 1; mode=block
2018-09-18 23:57:21 DEBUG headers:265 - << X-Content-Type-Options: nosniff
2018-09-18 23:57:21 DEBUG headers:265 - << X-Frame-Options: SAMEORIGIN
2018-09-18 23:57:21 DEBUG headers:265 - << Content-Security-Policy: frame-ancestors 'self'
2018-09-18 23:57:21 DEBUG headers:265 - << X-ASEN: SEN-L12328368
2018-09-18 23:57:21 DEBUG headers:265 - << Set-Cookie: atlassian.xsrf.token=BRSF-6S3N-PV4T-RCKO_031efe59c5ce2af614288b82f21f4d8708367aca_lout; Path=/
2018-09-18 23:57:21 DEBUG headers:265 - << X-AUSERNAME: anonymous
2018-09-18 23:57:21 DEBUG headers:265 - << Set-Cookie: JSESSIONID=4F3EBECE47E057753C78CF645BB12D76; Path=/; HttpOnly
2018-09-18 23:57:21 DEBUG headers:265 - << X-Seraph-LoginReason: OK
2018-09-18 23:57:21 DEBUG headers:265 - << Cache-Control: no-cache, no-store, no-transform
2018-09-18 23:57:21 DEBUG headers:265 - << Content-Encoding: gzip
2018-09-18 23:57:21 DEBUG headers:265 - << Vary: User-Agent
2018-09-18 23:57:21 DEBUG headers:265 - << Content-Type: application/json;charset=UTF-8
2018-09-18 23:57:21 DEBUG headers:265 - << Transfer-Encoding: chunked
2018-09-18 23:57:21 DEBUG headers:265 - << Date: Wed, 19 Sep 2018 03:57:21 GMT
2018-09-18 23:57:21 DEBUG DefaultHttpClient:509 - Connection can be kept alive indefinitely
2018-09-18 23:57:21 DEBUG RequestSpecificationImpl$RestAssuredHttpBuilder:544 - Parsing response as: application/json;charset=UTF-8
2018-09-18 23:57:21 DEBUG wire:73 -  << "b5[\r][\n]"
2018-09-18 23:57:21 DEBUG wire:73 -  << "[0x1f][0x8b][0x8][0x0][0x0][0x0][0x0][0x0][0x0][0x0]l[0x8e]M[\n]"
2018-09-18 23:57:21 DEBUG wire:73 -  << "[0x83]0[0x18]D[0xef][0xf2][0xad]U[0x92][0x98][0x1f][0xcd]R[0x8d]`)[0xed]B/[0x10][0xa8][0x96][0x80]MJ[0xa3]n[0xc4][0xbb][0xd7][0xb4]B7][0xbe]a[0xde]0+[0xf8][0xde]{[0xe3],[0xc8][0x15][0xac]~[0xf4] [0xe1][0xd4][0xaa][0xb6]m[0xae][0x97][0xa6][0x82][0x8][0x16]=[0xce]![0xa4]u[0xaa][\n]"
2018-09-18 23:57:21 DEBUG wire:87 -  << "U**[0x14]bB[0xb0][0xb4][0x14]YYs[0xca][0x8a][0x2][0x93]Jp[0xd8]"[0x18][0xdd][0xdd][0xd8][0xc6][0xe].[0x8c][\r][0xda][0x8c][0xfd][0xed][0x1c][0xa2][0xd2][0xcd]v[0x2][0x89][0x8f][0xc6][0x81]4[0xdb]Y[0xfb][0xa9][0xfe][0x15];[0xf3]9@[0x10][0xce]b[0x94][0xc7][0x98]w$[0x95]$[0x97][0x18]'[0x88][0xe4]1[0xa2][0x8][0xed][0x97][0x9e][0xaf]~1n[0xf6][0x95],([0x8c]I[0xc2][0x13][0xc1][0xe8]W[0xd9][0xb6]7[0x0][0x0][0x0][0xff][0xff]"
2018-09-18 23:57:21 DEBUG wire:73 -  << "[\r][\n]"
2018-09-18 23:57:21 DEBUG wire:73 -  << "a[\r][\n]"
2018-09-18 23:57:21 DEBUG wire:87 -  << "[0x3][0x0][0xc1]|[0x94]O[0xe7][0x0][0x0][0x0]"
2018-09-18 23:57:21 DEBUG wire:73 -  << "[\r][\n]"
2018-09-18 23:57:21 DEBUG wire:73 -  << "0[\r][\n]"
2018-09-18 23:57:21 DEBUG wire:73 -  << "[\r][\n]"
2018-09-18 23:57:21 DEBUG RequestSpecificationImpl$RestAssuredHttpBuilder:547 - Parsed data to instance of: class org.apache.http.conn.EofSensorInputStream
2018-09-18 23:57:21 DEBUG RESTCalls:27 - io.restassured.internal.RequestSpecificationImpl@2b0f373b
2018-09-18 23:57:21 DEBUG BasicClientConnectionManager:200 - Releasing connection org.apache.http.impl.conn.ManagedClientConnectionImpl@616fe72b
2018-09-18 23:57:21 DEBUG BasicClientConnectionManager:225 - Connection can be kept alive indefinitely
2018-09-18 23:57:21 INFO  LoginTest:21 - {"session":{"name":"JSESSIONID","value":"4F3EBECE47E057753C78CF645BB12D76"},"loginInfo":{"failedLoginCount":1,"loginCount":48,"lastFailedLoginTime":"2018-09-16T23:29:11.029-0400","previousLoginTime":"2018-09-18T23:55:26.754-0400"}}
2018-09-18 23:57:21 INFO  LoginTest:28 - Jira JSession ID : 4F3EBECE47E057753C78CF645BB12D76
2018-09-19 02:35:28 INFO  BaseTest:18 - Startig Test Case : doLogin
2018-09-19 02:35:28 INFO  PayLoadGenerator:13 - Inside PayLoadConverter function
2018-09-19 02:35:28 INFO  BaseTest:20 - { 
	"username": "admin", 
	"password": "admin" 
	
}
2018-09-19 02:35:28 INFO  URL:14 - URI End point : http://localhost:8087/rest/auth/1/session
2018-09-19 02:35:28 INFO  RESTCalls:23 - Inside POSTRequest call
2018-09-19 02:35:30 DEBUG BasicClientConnectionManager:161 - Get connection for route {}->http://localhost:8087
2018-09-19 02:35:30 DEBUG DefaultClientConnectionOperator:177 - Connecting to localhost:8087
2018-09-19 02:35:30 DEBUG RequestAddCookies:123 - CookieSpec selected: ignoreCookies
2018-09-19 02:35:30 DEBUG RequestAuthCache:77 - Auth cache not set in the context
2018-09-19 02:35:30 DEBUG RequestTargetAuthentication:80 - Target auth state: UNCHALLENGED
2018-09-19 02:35:30 DEBUG RequestProxyAuthentication:89 - Proxy auth state: UNCHALLENGED
2018-09-19 02:35:30 DEBUG DefaultHttpClient:682 - Attempt 1 to execute request
2018-09-19 02:35:30 DEBUG DefaultClientConnection:274 - Sending request: POST /rest/auth/1/session HTTP/1.1
2018-09-19 02:35:30 DEBUG wire:73 -  >> "POST /rest/auth/1/session HTTP/1.1[\r][\n]"
2018-09-19 02:35:30 DEBUG wire:73 -  >> "Accept: */*[\r][\n]"
2018-09-19 02:35:30 DEBUG wire:73 -  >> "Content-Type: application/json; charset=UTF-8[\r][\n]"
2018-09-19 02:35:30 DEBUG wire:73 -  >> "Content-Length: 55[\r][\n]"
2018-09-19 02:35:30 DEBUG wire:73 -  >> "Host: localhost:8087[\r][\n]"
2018-09-19 02:35:30 DEBUG wire:73 -  >> "Connection: Keep-Alive[\r][\n]"
2018-09-19 02:35:30 DEBUG wire:73 -  >> "User-Agent: Apache-HttpClient/4.5.3 (Java/1.8.0_181)[\r][\n]"
2018-09-19 02:35:30 DEBUG wire:73 -  >> "Accept-Encoding: gzip,deflate[\r][\n]"
2018-09-19 02:35:30 DEBUG wire:73 -  >> "[\r][\n]"
2018-09-19 02:35:30 DEBUG headers:278 - >> POST /rest/auth/1/session HTTP/1.1
2018-09-19 02:35:30 DEBUG headers:281 - >> Accept: */*
2018-09-19 02:35:30 DEBUG headers:281 - >> Content-Type: application/json; charset=UTF-8
2018-09-19 02:35:30 DEBUG headers:281 - >> Content-Length: 55
2018-09-19 02:35:30 DEBUG headers:281 - >> Host: localhost:8087
2018-09-19 02:35:30 DEBUG headers:281 - >> Connection: Keep-Alive
2018-09-19 02:35:30 DEBUG headers:281 - >> User-Agent: Apache-HttpClient/4.5.3 (Java/1.8.0_181)
2018-09-19 02:35:30 DEBUG headers:281 - >> Accept-Encoding: gzip,deflate
2018-09-19 02:35:30 DEBUG wire:73 -  >> "{ [\r][\n]"
2018-09-19 02:35:30 DEBUG wire:73 -  >> "[0x9]"username": "admin", [\r][\n]"
2018-09-19 02:35:30 DEBUG wire:73 -  >> "[0x9]"password": "admin" [\r][\n]"
2018-09-19 02:35:30 DEBUG wire:73 -  >> "[0x9][\r][\n]"
2018-09-19 02:35:30 DEBUG wire:87 -  >> "}"
2018-09-19 02:35:30 DEBUG wire:73 -  << "HTTP/1.1 200 [\r][\n]"
2018-09-19 02:35:30 DEBUG wire:73 -  << "X-AREQUESTID: 155x260x1[\r][\n]"
2018-09-19 02:35:30 DEBUG wire:73 -  << "X-XSS-Protection: 1; mode=block[\r][\n]"
2018-09-19 02:35:30 DEBUG wire:73 -  << "X-Content-Type-Options: nosniff[\r][\n]"
2018-09-19 02:35:30 DEBUG wire:73 -  << "X-Frame-Options: SAMEORIGIN[\r][\n]"
2018-09-19 02:35:30 DEBUG wire:73 -  << "Content-Security-Policy: frame-ancestors 'self'[\r][\n]"
2018-09-19 02:35:30 DEBUG wire:73 -  << "X-ASEN: SEN-L12328368[\r][\n]"
2018-09-19 02:35:30 DEBUG wire:73 -  << "Set-Cookie: atlassian.xsrf.token=BRSF-6S3N-PV4T-RCKO_bf76c9b8c70eaab5ec4b1f1a996db95a129f947c_lout; Path=/[\r][\n]"
2018-09-19 02:35:30 DEBUG wire:73 -  << "X-AUSERNAME: anonymous[\r][\n]"
2018-09-19 02:35:30 DEBUG wire:73 -  << "Set-Cookie: JSESSIONID=2CBC4EE4B118733970DF4943E11FDE75; Path=/; HttpOnly[\r][\n]"
2018-09-19 02:35:30 DEBUG wire:73 -  << "X-Seraph-LoginReason: OK[\r][\n]"
2018-09-19 02:35:30 DEBUG wire:73 -  << "Cache-Control: no-cache, no-store, no-transform[\r][\n]"
2018-09-19 02:35:30 DEBUG wire:73 -  << "Content-Encoding: gzip[\r][\n]"
2018-09-19 02:35:30 DEBUG wire:73 -  << "Vary: User-Agent[\r][\n]"
2018-09-19 02:35:30 DEBUG wire:73 -  << "Content-Type: application/json;charset=UTF-8[\r][\n]"
2018-09-19 02:35:30 DEBUG wire:73 -  << "Transfer-Encoding: chunked[\r][\n]"
2018-09-19 02:35:30 DEBUG wire:73 -  << "Date: Wed, 19 Sep 2018 06:35:30 GMT[\r][\n]"
2018-09-19 02:35:30 DEBUG wire:73 -  << "[\r][\n]"
2018-09-19 02:35:30 DEBUG DefaultClientConnection:259 - Receiving response: HTTP/1.1 200 
2018-09-19 02:35:30 DEBUG headers:262 - << HTTP/1.1 200 
2018-09-19 02:35:30 DEBUG headers:265 - << X-AREQUESTID: 155x260x1
2018-09-19 02:35:30 DEBUG headers:265 - << X-XSS-Protection: 1; mode=block
2018-09-19 02:35:30 DEBUG headers:265 - << X-Content-Type-Options: nosniff
2018-09-19 02:35:30 DEBUG headers:265 - << X-Frame-Options: SAMEORIGIN
2018-09-19 02:35:30 DEBUG headers:265 - << Content-Security-Policy: frame-ancestors 'self'
2018-09-19 02:35:30 DEBUG headers:265 - << X-ASEN: SEN-L12328368
2018-09-19 02:35:30 DEBUG headers:265 - << Set-Cookie: atlassian.xsrf.token=BRSF-6S3N-PV4T-RCKO_bf76c9b8c70eaab5ec4b1f1a996db95a129f947c_lout; Path=/
2018-09-19 02:35:30 DEBUG headers:265 - << X-AUSERNAME: anonymous
2018-09-19 02:35:30 DEBUG headers:265 - << Set-Cookie: JSESSIONID=2CBC4EE4B118733970DF4943E11FDE75; Path=/; HttpOnly
2018-09-19 02:35:30 DEBUG headers:265 - << X-Seraph-LoginReason: OK
2018-09-19 02:35:30 DEBUG headers:265 - << Cache-Control: no-cache, no-store, no-transform
2018-09-19 02:35:30 DEBUG headers:265 - << Content-Encoding: gzip
2018-09-19 02:35:30 DEBUG headers:265 - << Vary: User-Agent
2018-09-19 02:35:30 DEBUG headers:265 - << Content-Type: application/json;charset=UTF-8
2018-09-19 02:35:30 DEBUG headers:265 - << Transfer-Encoding: chunked
2018-09-19 02:35:30 DEBUG headers:265 - << Date: Wed, 19 Sep 2018 06:35:30 GMT
2018-09-19 02:35:30 DEBUG DefaultHttpClient:509 - Connection can be kept alive indefinitely
2018-09-19 02:35:30 DEBUG RequestSpecificationImpl$RestAssuredHttpBuilder:544 - Parsing response as: application/json;charset=UTF-8
2018-09-19 02:35:30 DEBUG wire:73 -  << "b4[\r][\n]"
2018-09-19 02:35:30 DEBUG wire:73 -  << "[0x1f][0x8b][0x8][0x0][0x0][0x0][0x0][0x0][0x0][0x0]l[0x8e][0xcb][\n]"
2018-09-19 02:35:30 DEBUG wire:73 -  << "[0x83]0[0x14]D[0xff][0xe5][0xae]Ur[0x93][0xf8]H[0x96]j[0x4]Ki[0x17][0xfa][0x3]B[0xb5][0x4]lR[0x1a]u#[0xfe]{M+t[0xd3][0xe5][0x19][0xe6][0xc][0xb3][0x82][0xeb][0x9d][0xd3][0xd6][0x80]\[0xc1]t[0x8f][0x1e]$[0x9c][0x1a][0xd5]4[0xf5][0xf5]R[0x97][0x10][0xc0][0xd2][0x8d][0xb3][0xf]i[0x91][0x17]\)[0x9e]#f)c"%e[0xc5][0x5]g[\n]"
2018-09-19 02:35:30 DEBUG wire:87 -  << "[0xb1]*U[0x1a][0xc3][0x16][0xc0]h[0xef][0xda][0xd4]f[0xb0]~l[0xe8][0xf4][0xd8][0xdf][0xce]>*[0xec]l&[0x90]x4[0xe][0xe4]b[0xe7][0xce]M[0xd5][0xaf][0xd8][0xea][0xcf][0x1]J0[0xb][0x89][0x8]1i)[0x93]TH[0xc4][0x88]P[0x11][0x12]N[0xc8]~[0xe9][0xf9][0xea][0x17]mg[0xf7]W[0xc9][0xbc][0x12][0xa7][0x92]b[0xc4][0xe2][0xe4][0xab]l[0xdb][0x1b][0x0][0x0][0xff][0xff]"
2018-09-19 02:35:30 DEBUG wire:73 -  << "[\r][\n]"
2018-09-19 02:35:30 DEBUG wire:73 -  << "a[\r][\n]"
2018-09-19 02:35:30 DEBUG wire:87 -  << "[0x3][0x0]W[0x8f]I[0xdd][0xe7][0x0][0x0][0x0]"
2018-09-19 02:35:30 DEBUG wire:73 -  << "[\r][\n]"
2018-09-19 02:35:30 DEBUG wire:73 -  << "0[\r][\n]"
2018-09-19 02:35:30 DEBUG wire:73 -  << "[\r][\n]"
2018-09-19 02:35:30 DEBUG RequestSpecificationImpl$RestAssuredHttpBuilder:547 - Parsed data to instance of: class org.apache.http.conn.EofSensorInputStream
2018-09-19 02:35:30 DEBUG RESTCalls:27 - io.restassured.internal.RequestSpecificationImpl@3a0d172f
2018-09-19 02:35:30 DEBUG BasicClientConnectionManager:200 - Releasing connection org.apache.http.impl.conn.ManagedClientConnectionImpl@5d1659ea
2018-09-19 02:35:30 DEBUG BasicClientConnectionManager:225 - Connection can be kept alive indefinitely
2018-09-19 02:35:30 INFO  BaseTest:23 - {"session":{"name":"JSESSIONID","value":"2CBC4EE4B118733970DF4943E11FDE75"},"loginInfo":{"failedLoginCount":1,"loginCount":49,"lastFailedLoginTime":"2018-09-16T23:29:11.029-0400","previousLoginTime":"2018-09-18T23:57:21.356-0400"}}
2018-09-19 02:35:30 INFO  PayLoadGenerator:13 - Converting Response to String
2018-09-19 02:35:30 DEBUG PayLoadGenerator:15 - {"session":{"name":"JSESSIONID","value":"2CBC4EE4B118733970DF4943E11FDE75"},"loginInfo":{"failedLoginCount":1,"loginCount":49,"lastFailedLoginTime":"2018-09-16T23:29:11.029-0400","previousLoginTime":"2018-09-18T23:57:21.356-0400"}}
2018-09-19 02:35:30 INFO  PayLoadGenerator:20 - Parsing Response String to JSON
2018-09-19 02:35:30 DEBUG PayLoadGenerator:22 - io.restassured.path.json.JsonPath@62f68dff
2018-09-19 02:35:30 INFO  BaseTest:28 - Jira JSession ID : 2CBC4EE4B118733970DF4943E11FDE75
2018-09-19 02:35:30 INFO  CreateIssue:28 - Starting Create Issue Test
2018-09-19 02:35:30 INFO  URL:14 - URI End point : http://localhost:8087/rest/api/2/issue/
2018-09-19 02:35:30 INFO  PayLoadGenerator:13 - Inside PayLoadConverter function
2018-09-19 02:35:30 INFO  RESTCalls:33 - Inside POSTRequest call
2018-09-19 02:35:30 DEBUG BasicClientConnectionManager:161 - Get connection for route {}->http://localhost:8087
2018-09-19 02:35:30 DEBUG DefaultClientConnectionOperator:177 - Connecting to localhost:8087
2018-09-19 02:35:30 DEBUG RequestAddCookies:123 - CookieSpec selected: ignoreCookies
2018-09-19 02:35:30 DEBUG RequestAuthCache:77 - Auth cache not set in the context
2018-09-19 02:35:30 DEBUG RequestTargetAuthentication:80 - Target auth state: UNCHALLENGED
2018-09-19 02:35:30 DEBUG RequestProxyAuthentication:89 - Proxy auth state: UNCHALLENGED
2018-09-19 02:35:30 DEBUG DefaultHttpClient:682 - Attempt 1 to execute request
2018-09-19 02:35:30 DEBUG DefaultClientConnection:274 - Sending request: POST /rest/api/2/issue/ HTTP/1.1
2018-09-19 02:35:30 DEBUG wire:73 -  >> "POST /rest/api/2/issue/ HTTP/1.1[\r][\n]"
2018-09-19 02:35:30 DEBUG wire:73 -  >> "cookie: JSESSIONID=2CBC4EE4B118733970DF4943E11FDE75[\r][\n]"
2018-09-19 02:35:30 DEBUG wire:73 -  >> "Accept: */*[\r][\n]"
2018-09-19 02:35:30 DEBUG wire:73 -  >> "Content-Type: application/json; charset=UTF-8[\r][\n]"
2018-09-19 02:35:30 DEBUG wire:73 -  >> "Content-Length: 290[\r][\n]"
2018-09-19 02:35:30 DEBUG wire:73 -  >> "Host: localhost:8087[\r][\n]"
2018-09-19 02:35:30 DEBUG wire:73 -  >> "Connection: Keep-Alive[\r][\n]"
2018-09-19 02:35:30 DEBUG wire:73 -  >> "User-Agent: Apache-HttpClient/4.5.3 (Java/1.8.0_181)[\r][\n]"
2018-09-19 02:35:30 DEBUG wire:73 -  >> "Accept-Encoding: gzip,deflate[\r][\n]"
2018-09-19 02:35:30 DEBUG wire:73 -  >> "[\r][\n]"
2018-09-19 02:35:30 DEBUG headers:278 - >> POST /rest/api/2/issue/ HTTP/1.1
2018-09-19 02:35:30 DEBUG headers:281 - >> cookie: JSESSIONID=2CBC4EE4B118733970DF4943E11FDE75
2018-09-19 02:35:30 DEBUG headers:281 - >> Accept: */*
2018-09-19 02:35:30 DEBUG headers:281 - >> Content-Type: application/json; charset=UTF-8
2018-09-19 02:35:30 DEBUG headers:281 - >> Content-Length: 290
2018-09-19 02:35:30 DEBUG headers:281 - >> Host: localhost:8087
2018-09-19 02:35:30 DEBUG headers:281 - >> Connection: Keep-Alive
2018-09-19 02:35:30 DEBUG headers:281 - >> User-Agent: Apache-HttpClient/4.5.3 (Java/1.8.0_181)
2018-09-19 02:35:30 DEBUG headers:281 - >> Accept-Encoding: gzip,deflate
2018-09-19 02:35:30 DEBUG wire:73 -  >> "{[\r][\n]"
2018-09-19 02:35:30 DEBUG wire:73 -  >> "    "fields": {[\r][\n]"
2018-09-19 02:35:30 DEBUG wire:73 -  >> "       "project":[\r][\n]"
2018-09-19 02:35:30 DEBUG wire:73 -  >> "       {[\r][\n]"
2018-09-19 02:35:30 DEBUG wire:73 -  >> "          "key": "RAT"[\r][\n]"
2018-09-19 02:35:30 DEBUG wire:73 -  >> "       },[\r][\n]"
2018-09-19 02:35:30 DEBUG wire:73 -  >> "       "summary": "Creating issue from REST Automation Framework ",[\r][\n]"
2018-09-19 02:35:30 DEBUG wire:73 -  >> "       "description": "Creating issue from REST Automation Framework",[\r][\n]"
2018-09-19 02:35:30 DEBUG wire:73 -  >> "       "issuetype": {[\r][\n]"
2018-09-19 02:35:30 DEBUG wire:73 -  >> "          "name": "Bug"[\r][\n]"
2018-09-19 02:35:30 DEBUG wire:73 -  >> "       }[\r][\n]"
2018-09-19 02:35:30 DEBUG wire:73 -  >> "   }[\r][\n]"
2018-09-19 02:35:30 DEBUG wire:87 -  >> "}"
2018-09-19 02:35:31 DEBUG wire:73 -  << "HTTP/1.1 201 [\r][\n]"
2018-09-19 02:35:31 DEBUG wire:73 -  << "X-AREQUESTID: 155x261x1[\r][\n]"
2018-09-19 02:35:31 DEBUG wire:73 -  << "X-ASESSIONID: 1eph5u5[\r][\n]"
2018-09-19 02:35:31 DEBUG wire:73 -  << "X-XSS-Protection: 1; mode=block[\r][\n]"
2018-09-19 02:35:31 DEBUG wire:73 -  << "X-Content-Type-Options: nosniff[\r][\n]"
2018-09-19 02:35:31 DEBUG wire:73 -  << "X-Frame-Options: SAMEORIGIN[\r][\n]"
2018-09-19 02:35:31 DEBUG wire:73 -  << "Content-Security-Policy: frame-ancestors 'self'[\r][\n]"
2018-09-19 02:35:31 DEBUG wire:73 -  << "X-ASEN: SEN-L12328368[\r][\n]"
2018-09-19 02:35:31 DEBUG wire:73 -  << "X-Seraph-LoginReason: OK[\r][\n]"
2018-09-19 02:35:31 DEBUG wire:73 -  << "Set-Cookie: atlassian.xsrf.token=BRSF-6S3N-PV4T-RCKO_213f5ba7e07ff5d6b1fec587f0ec91189b60546e_lin; Path=/[\r][\n]"
2018-09-19 02:35:31 DEBUG wire:73 -  << "X-AUSERNAME: admin[\r][\n]"
2018-09-19 02:35:31 DEBUG wire:73 -  << "Cache-Control: no-cache, no-store, no-transform[\r][\n]"
2018-09-19 02:35:31 DEBUG wire:73 -  << "Content-Encoding: gzip[\r][\n]"
2018-09-19 02:35:31 DEBUG wire:73 -  << "Vary: User-Agent[\r][\n]"
2018-09-19 02:35:31 DEBUG wire:73 -  << "Content-Type: application/json;charset=UTF-8[\r][\n]"
2018-09-19 02:35:31 DEBUG wire:73 -  << "Transfer-Encoding: chunked[\r][\n]"
2018-09-19 02:35:31 DEBUG wire:73 -  << "Date: Wed, 19 Sep 2018 06:35:31 GMT[\r][\n]"
2018-09-19 02:35:31 DEBUG wire:73 -  << "[\r][\n]"
2018-09-19 02:35:31 DEBUG DefaultClientConnection:259 - Receiving response: HTTP/1.1 201 
2018-09-19 02:35:31 DEBUG headers:262 - << HTTP/1.1 201 
2018-09-19 02:35:31 DEBUG headers:265 - << X-AREQUESTID: 155x261x1
2018-09-19 02:35:31 DEBUG headers:265 - << X-ASESSIONID: 1eph5u5
2018-09-19 02:35:31 DEBUG headers:265 - << X-XSS-Protection: 1; mode=block
2018-09-19 02:35:31 DEBUG headers:265 - << X-Content-Type-Options: nosniff
2018-09-19 02:35:31 DEBUG headers:265 - << X-Frame-Options: SAMEORIGIN
2018-09-19 02:35:31 DEBUG headers:265 - << Content-Security-Policy: frame-ancestors 'self'
2018-09-19 02:35:31 DEBUG headers:265 - << X-ASEN: SEN-L12328368
2018-09-19 02:35:31 DEBUG headers:265 - << X-Seraph-LoginReason: OK
2018-09-19 02:35:31 DEBUG headers:265 - << Set-Cookie: atlassian.xsrf.token=BRSF-6S3N-PV4T-RCKO_213f5ba7e07ff5d6b1fec587f0ec91189b60546e_lin; Path=/
2018-09-19 02:35:31 DEBUG headers:265 - << X-AUSERNAME: admin
2018-09-19 02:35:31 DEBUG headers:265 - << Cache-Control: no-cache, no-store, no-transform
2018-09-19 02:35:31 DEBUG headers:265 - << Content-Encoding: gzip
2018-09-19 02:35:31 DEBUG headers:265 - << Vary: User-Agent
2018-09-19 02:35:31 DEBUG headers:265 - << Content-Type: application/json;charset=UTF-8
2018-09-19 02:35:31 DEBUG headers:265 - << Transfer-Encoding: chunked
2018-09-19 02:35:31 DEBUG headers:265 - << Date: Wed, 19 Sep 2018 06:35:31 GMT
2018-09-19 02:35:31 DEBUG DefaultHttpClient:509 - Connection can be kept alive indefinitely
2018-09-19 02:35:31 DEBUG RequestSpecificationImpl$RestAssuredHttpBuilder:544 - Parsing response as: application/json;charset=UTF-8
2018-09-19 02:35:31 DEBUG wire:73 -  << "5a[\r][\n]"
2018-09-19 02:35:31 DEBUG wire:87 -  << "[0x1f][0x8b][0x8][0x0][0x0][0x0][0x0][0x0][0x0][0x0][0xaa]V[0xca]LQ[0xb2]R24040P[0xd2]Q[0xca]N[0xad][0x4][0xf2][0x82][0x1c]Ct[0x8d][0x80][0xbc][0xe2][0xd4][0x9c]4 7[0xa3][0xa4][0xa4][0xc0]J_?'?91'#[0xbf][0xb8][0xc4][0xca][0xc2][0xc0][0xc2]\[0xbf]([0xb5][0xb8]D?[0xb1] S[0xdf]H?[0xb3][0xb8][0xb8]4U[0x1f]bF-[0x0][0x0][0x0][0xff][0xff]"
2018-09-19 02:35:31 DEBUG wire:73 -  << "[\r][\n]"
2018-09-19 02:35:31 DEBUG wire:73 -  << "a[\r][\n]"
2018-09-19 02:35:31 DEBUG wire:87 -  << "[0x3][0x0][0xf4][0xc7]\MR[0x0][0x0][0x0]"
2018-09-19 02:35:31 DEBUG wire:73 -  << "[\r][\n]"
2018-09-19 02:35:31 DEBUG wire:73 -  << "0[\r][\n]"
2018-09-19 02:35:31 DEBUG wire:73 -  << "[\r][\n]"
2018-09-19 02:35:31 DEBUG RequestSpecificationImpl$RestAssuredHttpBuilder:547 - Parsed data to instance of: class org.apache.http.conn.EofSensorInputStream
2018-09-19 02:35:31 DEBUG RESTCalls:38 - io.restassured.internal.RequestSpecificationImpl@b672aa8
2018-09-19 02:35:31 DEBUG PayLoadGenerator:35 - 201
